  ANDROID_HOME=C:\\Microsoft\AndroidSDK\25
  ANT_HOME=C:\Program Files\Microsoft Visual Studio\2022\Community\Apps\apache-ant-1.9.3
  JAVA_HOME=C:\Program Files\Android\jdk\jdk-8.0.302.8-hotspot\jdk8u302-b08
  NDK_ROOT=C:\\Microsoft\AndroidNDK\android-ndk-r21e
  pch.h
  Cube.cpp
C:\Users\Sebas\Desktop\GLES_Merge_\GLES_Merge_.Shared\Cube.cpp(34,8): warning : unused variable 'ang' [-Wunused-variable]
          float ang = angx + add_ang;
                ^
C:\Users\Sebas\Desktop\GLES_Merge_\GLES_Merge_.Shared\Cube.cpp(45,1): warning : control reaches end of non-void function [-Wreturn-type]
  }
  ^
  2 warnings generated.
  android_native_app_glue.c
  main.cpp
main.cpp(523,8): warning : unused variable 'file' [-Wunused-variable]
          FILE* file = fopen((base_game_path + "/glesoutput.txt").c_str(), "a+");
                ^
main.cpp(525,14): warning : unused variable 'as_char' [-Wunused-variable]
          const char* as_char = comb.c_str();
                      ^
  2 warnings generated.
  GLES_Merge_.Android.NativeActivity.vcxproj -> C:\Users\Sebas\Desktop\GLES_Merge_\x64\Debug\libGLES_Merge_.so
